2023.05.09 15:39:56 INFO  Started: Metals version 0.11.12 in workspace '/Users/titouan/Documents/work/perso/scala/play-scala3' for client Neovim 0.9.0.[0m
May 09, 2023 3:39:56 PM org.flywaydb.core.internal.license.VersionPrinter printVersionOnly
INFO: Flyway Community Edition 9.16.3 by Redgate
May 09, 2023 3:39:56 PM org.flywaydb.core.internal.license.VersionPrinter printVersion
INFO: See release notes here: https://rd.gt/416ObMi
May 09, 2023 3:39:56 PM org.flywaydb.core.internal.license.VersionPrinter printVersion
INFO: 
May 09, 2023 3:39:56 PM org.flywaydb.core.internal.database.base.BaseDatabaseType createDatabase
INFO: Database: jdbc:h2:file:/Users/titouan/Documents/work/perso/scala/play-scala3/.metals/metals (H2 2.1)
May 09, 2023 3:39:56 PM org.flywaydb.core.internal.schemahistory.JdbcTableSchemaHistory allAppliedMigrations
INFO: Schema history table "PUBLIC"."flyway_schema_history" does not exist yet
May 09, 2023 3:39:56 PM org.flywaydb.core.internal.command.DbValidate validate
INFO: Successfully validated 4 migrations (execution time 00:00.030s)
May 09, 2023 3:39:56 PM org.flywaydb.core.internal.schemahistory.JdbcTableSchemaHistory create
INFO: Creating Schema History table "PUBLIC"."flyway_schema_history" ...
May 09, 2023 3:39:56 PM org.flywaydb.core.internal.command.DbMigrate migrateGroup
INFO: Current version of schema "PUBLIC": << Empty Schema >>
May 09, 2023 3:39:56 PM org.flywaydb.core.internal.command.DbMigrate doMigrateGroup
INFO: Migrating schema "PUBLIC" to version "1 - Create tables"
May 09, 2023 3:39:56 PM org.flywaydb.core.internal.command.DbMigrate doMigrateGroup
INFO: Migrating schema "PUBLIC" to version "2 - Server discovery"
May 09, 2023 3:39:56 PM org.flywaydb.core.internal.command.DbMigrate doMigrateGroup
INFO: Migrating schema "PUBLIC" to version "3 - Jar symbols"
May 09, 2023 3:39:56 PM org.flywaydb.core.internal.command.DbMigrate doMigrateGroup
INFO: Migrating schema "PUBLIC" to version "4 - Fingerprints"
May 09, 2023 3:39:56 PM org.flywaydb.core.internal.command.DbMigrate logSummary
INFO: Successfully applied 4 migrations to schema "PUBLIC", now at version v4 (execution time 00:00.079s)
2023.05.09 15:39:57 INFO  time: initialize in 0.8s[0m
2023.05.09 15:39:57 WARN  Build server is not auto-connectable.[0m
2023.05.09 15:39:57 WARN  no build target for: /Users/titouan/Documents/work/perso/scala/play-scala3/build.sbt[0m
2023.05.09 15:40:00 INFO  no build target found for /Users/titouan/Documents/work/perso/scala/play-scala3/build.sbt. Using presentation compiler with project's scala-library version: 3.2.2[0m
2023.05.09 15:40:09 INFO  running '/Users/titouan/.sdkman/candidates/java/current/bin/java -Djline.terminal=jline.UnsupportedTerminal -Dsbt.log.noformat=true -Dfile.encoding=UTF-8 -jar /var/folders/d7/02c17gjs6hx6zfmrf3bqxjwc0000gp/T/metals12140663931903230153/sbt-launch.jar -Dbloop.export-jar-classifiers=sources bloopInstall'[0m
2023.05.09 15:40:11 INFO  [info] welcome to sbt 1.8.2 (Oracle Corporation Java 11.0.2)[0m
2023.05.09 15:40:13 INFO  [info] loading settings for project play-scala3-build-build-build from metals.sbt ...[0m
2023.05.09 15:40:13 INFO  [info] loading project definition from /Users/titouan/Documents/work/perso/scala/play-scala3/project/project/project[0m
2023.05.09 15:40:16 INFO  [info] loading settings for project play-scala3-build-build from metals.sbt ...[0m
2023.05.09 15:40:16 INFO  [info] loading project definition from /Users/titouan/Documents/work/perso/scala/play-scala3/project/project[0m
2023.05.09 15:40:17 INFO  [success] Generated .bloop/play-scala3-build-build.json[0m
2023.05.09 15:40:17 INFO  [success] Total time: 2 s, completed May 9, 2023, 3:40:17 PM[0m
2023.05.09 15:40:17 INFO  [info] loading settings for project play-scala3-build from metals.sbt,plugins.sbt ...[0m
2023.05.09 15:40:17 INFO  [info] loading project definition from /Users/titouan/Documents/work/perso/scala/play-scala3/project[0m
2023.05.09 15:40:21 INFO  [success] Generated .bloop/play-scala3-build.json[0m
2023.05.09 15:40:21 WARN  no build target for: /Users/titouan/Documents/work/perso/scala/play-scala3/project/plugins.sbt[0m
May 09, 2023 3:40:21 PM org.eclipse.lsp4j.jsonrpc.RemoteEndpoint handleCancellation
WARNING: Unmatched cancel notification for request id 4
2023.05.09 15:40:21 INFO  [success] Total time: 3 s, completed May 9, 2023, 3:40:21 PM[0m
2023.05.09 15:40:23 INFO  [info] loading settings for project root from build.sbt ...[0m
2023.05.09 15:40:23 INFO  [info]   __              __[0m
2023.05.09 15:40:23 INFO  [info]   \ \     ____   / /____ _ __  __[0m
2023.05.09 15:40:23 INFO  [info]    \ \   / __ \ / // __ `// / / /[0m
2023.05.09 15:40:23 INFO  [info]    / /  / /_/ // // /_/ // /_/ /[0m
2023.05.09 15:40:23 INFO  [info]   /_/  / .___//_/ \__,_/ \__, /[0m
2023.05.09 15:40:23 INFO  [info]       /_/               /____/[0m
2023.05.09 15:40:23 INFO  [info] [0m
2023.05.09 15:40:23 INFO  [info] Version 2.9.0-M4 running Java 11.0.2[0m
2023.05.09 15:40:23 INFO  [info] [0m
2023.05.09 15:40:23 INFO  [info] Play is run entirely by the community. Please consider contributing and/or donating:[0m
2023.05.09 15:40:23 INFO  [info] https://www.playframework.com/sponsors[0m
2023.05.09 15:40:23 INFO  [info] [0m
2023.05.09 15:40:26 INFO  [success] Generated .bloop/root.json[0m
2023.05.09 15:40:26 INFO  [success] Generated .bloop/root-test.json[0m
2023.05.09 15:40:26 INFO  [success] Total time: 2 s, completed May 9, 2023, 3:40:26 PM[0m
2023.05.09 15:40:26 INFO  time: ran 'sbt bloopInstall' in 16s[0m
2023.05.09 15:40:26 INFO  Attempting to connect to the build server...[0m
2023.05.09 15:40:26 INFO  Bloop uses /Users/titouan/Library/Caches/Coursier/arc/https/github.com/AdoptOpenJDK/openjdk8-binaries/releases/download/jdk8u292-b10/OpenJDK8U-jdk_x64_mac_hotspot_8u292b10.tar.gz/jdk8u292-b10/Contents/Home defined at /Users/titouan/.bloop/bloop.json[0m
2023.05.09 15:40:26 INFO  tracing is disabled for protocol BSP, to enable tracing of incoming and outgoing JSON messages create an empty file at /Users/titouan/Documents/work/perso/scala/play-scala3/.metals/bsp.trace.json or /Users/titouan/Library/Caches/org.scalameta.metals/bsp.trace.json[0m
2023.05.09 15:40:26 INFO  Attempting to connect to the build server...[0m
2023.05.09 15:40:26 INFO  Bloop uses /Users/titouan/Library/Caches/Coursier/arc/https/github.com/AdoptOpenJDK/openjdk8-binaries/releases/download/jdk8u292-b10/OpenJDK8U-jdk_x64_mac_hotspot_8u292b10.tar.gz/jdk8u292-b10/Contents/Home defined at /Users/titouan/.bloop/bloop.json[0m
2023.05.09 15:40:26 INFO  Attempting to connect to the build server...[0m
2023.05.09 15:40:26 INFO  Bloop uses /Users/titouan/Library/Caches/Coursier/arc/https/github.com/AdoptOpenJDK/openjdk8-binaries/releases/download/jdk8u292-b10/OpenJDK8U-jdk_x64_mac_hotspot_8u292b10.tar.gz/jdk8u292-b10/Contents/Home defined at /Users/titouan/.bloop/bloop.json[0m
2023.05.09 15:40:26 INFO  tracing is disabled for protocol BSP, to enable tracing of incoming and outgoing JSON messages create an empty file at /Users/titouan/Documents/work/perso/scala/play-scala3/project/project/.metals/bsp.trace.json or /Users/titouan/Library/Caches/org.scalameta.metals/bsp.trace.json[0m
2023.05.09 15:40:26 INFO  tracing is disabled for protocol BSP, to enable tracing of incoming and outgoing JSON messages create an empty file at /Users/titouan/Documents/work/perso/scala/play-scala3/project/.metals/bsp.trace.json or /Users/titouan/Library/Caches/org.scalameta.metals/bsp.trace.json[0m
2023.05.09 15:40:26 INFO  time: Connected to build server in 0.32s[0m
2023.05.09 15:40:26 INFO  Connected to Build server: Bloop v1.5.6[0m
2023.05.09 15:40:34 INFO  time: indexed workspace in 7.27s[0m
2023.05.09 15:40:55 INFO  compiling root (8 scala sources and 1 java source)[0m
2023.05.09 15:40:57 INFO  time: compiled root in 1.59s[0m
2023.05.09 15:40:57 INFO  compiling root (8 scala sources and 1 java source)[0m
2023.05.09 15:40:58 INFO  time: compiled root in 1.25s[0m
2023.05.09 15:41:05 INFO  compiling root (8 scala sources and 1 java source)[0m
2023.05.09 15:41:06 INFO  time: compiled root in 1.21s[0m
2023.05.09 15:41:06 INFO  compiling root (8 scala sources and 1 java source)[0m
2023.05.09 15:41:07 INFO  time: compiled root in 1.06s[0m
2023.05.09 15:41:16 INFO  compiling root (8 scala sources and 1 java source)[0m
2023.05.09 15:41:17 INFO  time: compiled root in 1.21s[0m
